 4- MP_Session::s_process_wakeup
 4- MP_Session::s_process_wakeup
 4- MP_Session::s_process_init
 4- MP_Session::s_process_options
 4- MP_Session::s_process_wakeup
 4- MP_Session::s_send_some_data
 4- swin:: marking as sent [0,17[
 4- MP_Session::s_send_some_data
 4- swin:: marking as sent [0,17[
 4- MP_Session::s_send_some_data
 4- swin:: marking as sent [0,17[
 4- MP_Session::s_send_some_data
 4- swin:: marking as sent [0,17[
 4- MP_Session::s_send_some_data
 4- swin:: marking as sent [0,17[
 4- MP_Session::s_process_ack(0, 17)
 4- swin:: marking as received [0,17[
 4- MP_Session::s_process_ack(0, 17)
 4- swin:: marking as received [0,17[
 4- MP_Session::s_process_ack(0, 17)
 4- swin:: marking as received [0,17[
 4- MP_Session::s_send_some_data
 4- swin:: marking as sent [17,23[
 4- MP_Session::s_process_ack(0, 17)
 4- swin:: marking as received [0,17[
 4- MP_Session::s_send_some_data
 4- swin:: marking as sent [17,23[
 4- MP_Session::s_process_ack(0, 17)
 4- swin:: marking as received [0,17[
 4- MP_Session::s_send_some_data
 4- swin:: marking as sent [17,23[
 4- MP_Session::s_send_some_data
 4- swin:: marking as sent [17,23[
 4- MP_Session::s_process_ack(0, 23)
 4- swin:: marking as received [0,23[
 4- MP_Session::s_process_ack(0, 23)
 4- swin:: marking as received [0,23[
 4- MP_Session::s_process_ack(0, 23)
 4- swin:: marking as received [0,23[
 4- MP_Session::s_process_ack(0, 23)
 4- swin:: marking as received [0,23[
 4- s_thread finished
