Symbols freequense in file charcnt.c


 0 =    0	 1 =    0	 2 =    0	 3 =    0	
 4 =    0	 5 =    0	 6 =    0	 7 =    0	
 8 =    0	 9 = 4063232	 A = 3473408	 B =    0	
 C =    0	 D = 3473408	 E =    0	 F =    0	
10 =    0	11 =    0	12 =    0	13 =    0	
14 =    0	15 =    0	16 =    0	17 =    0	
18 =    0	19 =    0	1A =    0	1B =    0	
1C =    0	1D =    0	1E =    0	1F =    0	
20 = 6881280	21 = 65536	22 = 1179648	23 = 262144	
24 =    0	25 = 393216	26 =    0	27 = 131072	
28 = 1638400	29 = 1638400	2A = 393216	2B = 786432	
2C = 1048576	2D = 262144	2E = 196608	2F =    0	
30 = 393216	31 = 262144	32 = 393216	33 = 196608	
34 = 393216	35 = 131072	36 = 196608	37 =    0	
38 =    0	39 =    0	3A = 131072	3B = 1835008	
3C = 589824	3D = 917504	3E = 327680	3F =    0	
40 =    0	41 =    0	42 =    0	43 = 196608	
44 =    0	45 = 131072	46 = 131072	47 = 65536	
48 =    0	49 = 65536	4A =    0	4B = 65536	
4C = 393216	4D =    0	4E = 131072	4F = 131072	
50 =    0	51 =    0	52 =    0	53 = 131072	
54 =    0	55 = 196608	56 =    0	57 =    0	
58 = 65536	59 =    0	5A = 65536	5B = 589824	
5C = 589824	5D = 589824	5E =    0	5F = 131072	
60 =    0	61 = 1310720	62 = 262144	63 = 1245184	
64 = 524288	65 = 2359296	66 = 2490368	67 = 458752	
68 = 393216	69 = 3014656	6A =    0	6B =    0	
6C = 1835008	6D = 262144	6E = 2228224	6F = 1703936	
70 = 1245184	71 = 327680	72 = 1310720	73 = 786432	
74 = 2293760	75 = 917504	76 = 458752	77 = 131072	
78 = 262144	79 = 196608	7A =    0	7B = 327680	
7C =    0	7D = 327680	7E =    0	7F =    0	
80 =    0	81 =    0	82 =    0	83 =    0	
84 =    0	85 =    0	86 =    0	87 =    0	
88 =    0	89 =    0	8A =    0	8B =    0	
8C =    0	8D =    0	8E =    0	8F =    0	
90 =    0	91 =    0	92 =    0	93 =    0	
94 =    0	95 =    0	96 =    0	97 =    0	
98 =    0	99 =    0	9A =    0	9B =    0	
9C =    0	9D =    0	9E =    0	9F =    0	
A0 =    0	A1 =    0	A2 =    0	A3 =    0	
A4 =    0	A5 =    0	A6 =    0	A7 =    0	
A8 =    0	A9 =    0	AA =    0	AB =    0	
AC =    0	AD =    0	AE =    0	AF =    0	
B0 =    0	B1 =    0	B2 =    0	B3 =    0	
B4 =    0	B5 =    0	B6 =    0	B7 =    0	
B8 =    0	B9 =    0	BA =    0	BB =    0	
BC =    0	BD =    0	BE =    0	BF =    0	
C0 =    0	C1 =    0	C2 =    0	C3 =    0	
C4 =    0	C5 =    0	C6 =    0	C7 =    0	
C8 =    0	C9 =    0	CA =    0	CB =    0	
CC =    0	CD =    0	CE =    0	CF =    0	
D0 =    0	D1 =    0	D2 =    0	D3 =    0	
D4 =    0	D5 =    0	D6 =    0	D7 =    0	
D8 =    0	D9 =    0	DA =    0	DB =    0	
DC =    0	DD =    0	DE =    0	DF =    0	
E0 =    0	E1 =    0	E2 =    0	E3 =    0	
E4 =    0	E5 =    0	E6 =    0	E7 =    0	
E8 =    0	E9 =    0	EA =    0	EB =    0	
EC =    0	ED =    0	EE =    0	EF =    0	
F0 =    0	F1 =    0	F2 =    0	F3 =    0	
F4 =    0	F5 =    0	F6 =    0	F7 =    0	
F8 =    0	F9 =    0	FA =    0	FB =    0	
FC =    0	FD =    0	FE =    0	FF =    0	Symbols in file:    0
